f:\users\krzysztof\documents\szkoła\2017-2018\informatyka\labolatorium\ruletka\x64\release\ruletka.bsc
f:\users\krzysztof\documents\szkoła\2017-2018\informatyka\labolatorium\ruletka\ruletka\x64\release\vc141.pdb
f:\users\krzysztof\documents\szkoła\2017-2018\informatyka\labolatorium\ruletka\ruletka\x64\release\main.sbr
f:\users\krzysztof\documents\szkoła\2017-2018\informatyka\labolatorium\ruletka\ruletka\x64\release\main.xdc
f:\users\krzysztof\documents\szkoła\2017-2018\informatyka\labolatorium\ruletka\ruletka\x64\release\main.nativecodeanalysis.xml
f:\users\krzysztof\documents\szkoła\2017-2018\informatyka\labolatorium\ruletka\ruletka\x64\release\main.obj
f:\users\krzysztof\documents\szkoła\2017-2018\informatyka\labolatorium\ruletka\x64\release\ruletka.exe
f:\users\krzysztof\documents\szkoła\2017-2018\informatyka\labolatorium\ruletka\ruletka\x64\release\main.cod
f:\users\krzysztof\documents\szkoła\2017-2018\informatyka\labolatorium\ruletka\ruletka\x64\release\ruletka.exe.intermediate.manifest
f:\users\krzysztof\documents\szkoła\2017-2018\informatyka\labolatorium\ruletka\x64\release\ruletka.map
f:\users\krzysztof\documents\szkoła\2017-2018\informatyka\labolatorium\ruletka\x64\release\ruletka.pdb
f:\users\krzysztof\documents\szkoła\2017-2018\informatyka\labolatorium\ruletka\ruletka\.cdf
f:\users\krzysztof\documents\szkoła\2017-2018\informatyka\labolatorium\ruletka\ruletka\x64\release\resource.res
f:\users\krzysztof\documents\szkoła\2017-2018\informatyka\labolatorium\ruletka\x64\release\ruletka.ipdb
f:\users\krzysztof\documents\szkoła\2017-2018\informatyka\labolatorium\ruletka\x64\release\ruletka.iobj
f:\users\krzysztof\documents\szkoła\2017-2018\informatyka\labolatorium\ruletka\x64\release\ruletka.xml
f:\users\krzysztof\documents\szkoła\2017-2018\informatyka\labolatorium\ruletka\ruletka\x64\release\nativecodeanalysis.read.1.tlog
f:\users\krzysztof\documents\szkoła\2017-2018\informatyka\labolatorium\ruletka\ruletka\x64\release\vc.nativecodeanalysis.all.xml
f:\users\krzysztof\documents\szkoła\2017-2018\informatyka\labolatorium\ruletka\x64\release\ruletka.exe.lastcodeanalysissucceeded
f:\users\krzysztof\documents\szkoła\2017-2018\informatyka\labolatorium\ruletka\ruletka\x64\release\ruletka.tlog\bscmake.command.1.tlog
f:\users\krzysztof\documents\szkoła\2017-2018\informatyka\labolatorium\ruletka\ruletka\x64\release\ruletka.tlog\bscmake.read.1.tlog
f:\users\krzysztof\documents\szkoła\2017-2018\informatyka\labolatorium\ruletka\ruletka\x64\release\ruletka.tlog\bscmake.write.1.tlog
f:\users\krzysztof\documents\szkoła\2017-2018\informatyka\labolatorium\ruletka\ruletka\x64\release\ruletka.tlog\cl.command.1.tlog
f:\users\krzysztof\documents\szkoła\2017-2018\informatyka\labolatorium\ruletka\ruletka\x64\release\ruletka.tlog\cl.read.1.tlog
f:\users\krzysztof\documents\szkoła\2017-2018\informatyka\labolatorium\ruletka\ruletka\x64\release\ruletka.tlog\cl.write.1.tlog
f:\users\krzysztof\documents\szkoła\2017-2018\informatyka\labolatorium\ruletka\ruletka\x64\release\ruletka.tlog\link.command.1.tlog
f:\users\krzysztof\documents\szkoła\2017-2018\informatyka\labolatorium\ruletka\ruletka\x64\release\ruletka.tlog\link.read.1.tlog
f:\users\krzysztof\documents\szkoła\2017-2018\informatyka\labolatorium\ruletka\ruletka\x64\release\ruletka.tlog\link.write.1.tlog
f:\users\krzysztof\documents\szkoła\2017-2018\informatyka\labolatorium\ruletka\ruletka\x64\release\ruletka.tlog\mt.command.1.tlog
f:\users\krzysztof\documents\szkoła\2017-2018\informatyka\labolatorium\ruletka\ruletka\x64\release\ruletka.tlog\mt.read.1.tlog
f:\users\krzysztof\documents\szkoła\2017-2018\informatyka\labolatorium\ruletka\ruletka\x64\release\ruletka.tlog\mt.write.1.tlog
f:\users\krzysztof\documents\szkoła\2017-2018\informatyka\labolatorium\ruletka\ruletka\x64\release\ruletka.tlog\rc.command.1.tlog
f:\users\krzysztof\documents\szkoła\2017-2018\informatyka\labolatorium\ruletka\ruletka\x64\release\ruletka.tlog\rc.read.1.tlog
f:\users\krzysztof\documents\szkoła\2017-2018\informatyka\labolatorium\ruletka\ruletka\x64\release\ruletka.tlog\rc.write.1.tlog
f:\users\krzysztof\documents\szkoła\2017-2018\informatyka\labolatorium\ruletka\ruletka\x64\release\ruletka.tlog\ruletka.write.1u.tlog
f:\users\krzysztof\documents\szkoła\2017-2018\informatyka\labolatorium\ruletka\ruletka\x64\release\ruletka.tlog\xdcmake.command.1.tlog
f:\users\krzysztof\documents\szkoła\2017-2018\informatyka\labolatorium\ruletka\ruletka\x64\release\ruletka.tlog\xdcmake.read.1.tlog
f:\users\krzysztof\documents\szkoła\2017-2018\informatyka\labolatorium\ruletka\ruletka\x64\release\ruletka.tlog\xdcmake.write.1.tlog
